{
  "RSpec": {
    "coverage": {
      "/Users/leahkmiller/turing/2module/user_registration/user_registration/spec/features/user_can_log_in_if_account_exists_spec.rb": [
        1,
        null,
        1,
        1,
        1,
        1,
        null,
        1,
        1,
        null,
        1,
        1,
        1,
        null,
        1,
        null,
        1,
        null,
        1,
        1,
        null,
        null,
        null
      ],
      "/Users/leahkmiller/turing/2module/user_registration/user_registration/spec/models/user_spec.rb": [
        1,
        null,
        1,
        1,
        2,
        2,
        2,
        null,
        null,
        1,
        1,
        1,
        null,
        1,
        null,
        1,
        1,
        null,
        1,
        1,
        null,
        1,
        null,
        null,
        null
      ],
      "/Users/leahkmiller/turing/2module/user_registration/user_registration/app/models/user.rb": [
        1,
        1,
        1,
        1,
        null,
        1,
        5,
        null,
        null
      ],
      "/Users/leahkmiller/turing/2module/user_registration/user_registration/app/models/application_record.rb": [
        1,
        1,
        null
      ],
      "/Users/leahkmiller/turing/2module/user_registration/user_registration/app/controllers/welcome_controller.rb": [
        1,
        null,
        1,
        null,
        null,
        null
      ],
      "/Users/leahkmiller/turing/2module/user_registration/user_registration/app/controllers/application_controller.rb": [
        1,
        1,
        null,
        1,
        null,
        1,
        2,
        null,
        null
      ],
      "/Users/leahkmiller/turing/2module/user_registration/user_registration/app/controllers/sessions_controller.rb": [
        1,
        1,
        null,
        null,
        null,
        1,
        1,
        1,
        1,
        1,
        1,
        null,
        0,
        null,
        null,
        null
      ],
      "/Users/leahkmiller/turing/2module/user_registration/user_registration/app/controllers/users_controller.rb": [
        1,
        1,
        1,
        null,
        null,
        1,
        1,
        1,
        1,
        1,
        null,
        0,
        null,
        null,
        null,
        1,
        2,
        null,
        null,
        null,
        null,
        null,
        null,
        1,
        null,
        1,
        1,
        null,
        null
      ]
    },
    "timestamp": 1544726084
  }
}
